TN:
SF:src/backend/app.module.js
FN:11,register
FN:22,useFactory
FN:27,useFactory
FN:37,createBackendApp
FNF:4
FNH:4
FNDA:4,register
FNDA:4,useFactory
FNDA:4,useFactory
FNDA:4,createBackendApp
DA:1,1
DA:8,1
DA:10,1
DA:11,1
DA:12,4
DA:13,4
DA:14,4
DA:15,4
DA:16,4
DA:17,4
DA:18,4
DA:19,4
DA:20,4
DA:21,4
DA:22,4
DA:23,4
DA:24,4
DA:25,4
DA:26,4
DA:27,4
DA:28,4
DA:29,4
DA:30,4
DA:31,4
DA:32,4
DA:33,1
DA:35,1
DA:37,1
DA:38,4
DA:39,4
DA:40,4
DA:41,4
DA:42,4
DA:43,4
LF:34
LH:34
BRDA:11,0,0,4
BRDA:22,1,0,4
BRDA:27,2,0,4
BRDA:37,3,0,4
BRDA:39,4,0,0
BRF:5
BRH:4
end_of_record
TN:
SF:src/backend/controllers.js
FN:14,health
FN:20,listBalances
FN:24,readBalance
FN:28,writeBalance
FN:32,anniversaryBonus
FN:38,listRequests
FN:42,submit
FN:46,decide
FN:52,reset
FN:57,decorateMethod
FNF:10
FNH:9
FNDA:1,health
FNDA:1,listBalances
FNDA:1,readBalance
FNDA:1,writeBalance
FNDA:1,anniversaryBonus
FNDA:0,listRequests
FNDA:2,submit
FNDA:1,decide
FNDA:1,reset
FNDA:9,decorateMethod
DA:1,1
DA:13,1
DA:14,1
DA:15,1
DA:16,1
DA:17,1
DA:19,1
DA:20,1
DA:21,1
DA:22,1
DA:24,1
DA:25,1
DA:26,1
DA:28,1
DA:29,1
DA:30,1
DA:32,1
DA:33,1
DA:34,1
DA:35,1
DA:37,1
DA:38,1
DA:39,0
DA:40,0
DA:42,1
DA:43,2
DA:44,2
DA:46,1
DA:47,1
DA:48,1
DA:49,1
DA:51,1
DA:52,1
DA:53,1
DA:54,1
DA:55,1
DA:57,9
DA:58,9
DA:59,9
DA:60,14
DA:61,14
DA:62,9
DA:64,1
DA:65,1
DA:67,1
DA:68,1
DA:69,1
DA:70,1
DA:71,1
DA:72,1
DA:73,1
DA:74,1
DA:75,1
DA:76,1
DA:77,1
DA:79,1
DA:80,1
DA:81,1
DA:82,1
DA:83,1
DA:84,1
DA:85,1
DA:86,1
DA:87,1
DA:89,1
DA:90,1
DA:91,1
DA:93,1
DA:94,1
DA:95,1
DA:96,1
DA:97,1
DA:98,1
LF:73
LH:71
BRDA:14,0,0,1
BRDA:20,1,0,1
BRDA:24,2,0,1
BRDA:28,3,0,1
BRDA:29,4,0,0
BRDA:32,5,0,1
BRDA:42,6,0,2
BRDA:43,7,0,0
BRDA:46,8,0,1
BRDA:47,9,0,0
BRDA:52,10,0,1
BRDA:57,11,0,9
BRDA:59,12,0,14
BRF:13
BRH:10
end_of_record
TN:
SF:src/backend/sqlite-store.js
FN:10,nowIso
FN:14,ensureParentDirectory
FN:22,toBoolean
FN:27,SqliteStore
FN:41,onModuleDestroy
FN:45,close
FN:52,migrate
FN:106,reset
FN:119,seed
FN:186,transaction
FN:198,listBalances
FN:219,getBalance
FN:243,adjustBalance
FN:275,triggerAnniversaryBonus
FN:291,insertRequest
FN:335,getRequest
FN:340,listRequests
FN:350,updateRequest
FN:373,insertAudit
FN:382,listAudit
FN:399,mapBalance
FN:412,mapRequest
FNF:22
FNH:22
FNDA:59,nowIso
FNDA:15,ensureParentDirectory
FNDA:63,toBoolean
FNDA:15,SqliteStore
FNDA:4,onModuleDestroy
FNDA:15,close
FNDA:15,migrate
FNDA:1,reset
FNDA:16,seed
FNDA:17,transaction
FNDA:4,listBalances
FNDA:49,getBalance
FNDA:12,adjustBalance
FNDA:2,triggerAnniversaryBonus
FNDA:24,insertRequest
FNDA:61,getRequest
FNDA:2,listRequests
FNDA:6,updateRequest
FNDA:31,insertAudit
FNDA:63,listAudit
FNDA:60,mapBalance
FNDA:63,mapRequest
DA:1,1
DA:6,1
DA:7,1
DA:8,1
DA:10,59
DA:11,59
DA:12,59
DA:14,15
DA:15,15
DA:16,15
DA:17,15
DA:19,0
DA:20,0
DA:22,63
DA:23,63
DA:24,63
DA:26,1
DA:27,1
DA:28,15
DA:29,15
DA:30,15
DA:31,15
DA:32,15
DA:33,0
DA:34,0
DA:35,15
DA:36,15
DA:37,15
DA:38,15
DA:39,15
DA:41,1
DA:42,4
DA:43,4
DA:45,1
DA:46,15
DA:47,15
DA:48,15
DA:49,15
DA:50,15
DA:52,1
DA:53,15
DA:54,15
DA:55,15
DA:56,15
DA:57,15
DA:58,15
DA:59,15
DA:61,15
DA:62,15
DA:63,15
DA:64,15
DA:66,15
DA:67,15
DA:68,15
DA:69,15
DA:70,15
DA:71,15
DA:72,15
DA:73,15
DA:74,15
DA:76,15
DA:77,15
DA:78,15
DA:79,15
DA:80,15
DA:81,15
DA:82,15
DA:83,15
DA:84,15
DA:85,15
DA:86,15
DA:87,15
DA:88,15
DA:89,15
DA:90,15
DA:91,15
DA:93,15
DA:94,15
DA:95,15
DA:96,15
DA:97,15
DA:98,15
DA:99,15
DA:101,15
DA:102,15
DA:103,15
DA:104,15
DA:106,1
DA:107,1
DA:108,1
DA:109,1
DA:110,1
DA:111,1
DA:112,1
DA:113,1
DA:114,1
DA:115,1
DA:116,1
DA:117,1
DA:119,1
DA:120,16
DA:121,16
DA:122,16
DA:123,16
DA:124,16
DA:125,16
DA:126,16
DA:127,16
DA:128,16
DA:129,16
DA:131,16
DA:132,16
DA:133,16
DA:134,16
DA:135,16
DA:136,16
DA:137,16
DA:138,16
DA:140,16
DA:141,16
DA:142,16
DA:143,16
DA:144,16
DA:145,16
DA:146,16
DA:147,16
DA:148,16
DA:149,16
DA:150,16
DA:151,16
DA:152,16
DA:153,16
DA:154,16
DA:156,16
DA:157,16
DA:158,16
DA:160,16
DA:161,16
DA:162,16
DA:163,16
DA:164,16
DA:165,16
DA:166,16
DA:167,16
DA:168,16
DA:169,16
DA:170,16
DA:171,16
DA:172,16
DA:173,16
DA:174,16
DA:175,16
DA:176,16
DA:177,16
DA:178,16
DA:179,16
DA:180,16
DA:181,16
DA:182,16
DA:183,16
DA:184,16
DA:186,1
DA:187,17
DA:188,17
DA:189,17
DA:190,17
DA:191,17
DA:192,17
DA:193,0
DA:194,0
DA:195,0
DA:196,17
DA:198,1
DA:199,4
DA:200,4
DA:201,4
DA:202,4
DA:203,4
DA:204,4
DA:205,4
DA:206,4
DA:207,4
DA:208,4
DA:209,4
DA:210,4
DA:211,4
DA:212,4
DA:213,4
DA:214,4
DA:215,4
DA:216,4
DA:217,4
DA:219,1
DA:220,49
DA:221,49
DA:222,49
DA:223,49
DA:224,49
DA:225,49
DA:226,49
DA:227,49
DA:228,49
DA:229,49
DA:230,49
DA:231,49
DA:232,49
DA:233,49
DA:234,49
DA:235,49
DA:236,49
DA:237,49
DA:238,49
DA:240,49
DA:241,49
DA:243,1
DA:244,12
DA:245,12
DA:246,12
DA:247,12
DA:248,12
DA:249,12
DA:250,12
DA:251,12
DA:252,12
DA:253,12
DA:254,12
DA:255,12
DA:256,12
DA:257,12
DA:258,12
DA:259,12
DA:260,12
DA:261,12
DA:262,12
DA:263,12
DA:264,12
DA:265,12
DA:266,12
DA:268,12
DA:269,0
DA:270,0
DA:272,12
DA:273,12
DA:275,1
DA:276,2
DA:277,2
DA:278,2
DA:279,2
DA:280,2
DA:281,2
DA:282,2
DA:283,2
DA:284,2
DA:285,2
DA:286,2
DA:288,2
DA:289,2
DA:291,1
DA:292,24
DA:293,24
DA:294,24
DA:295,24
DA:296,24
DA:297,24
DA:298,24
DA:299,24
DA:300,24
DA:301,24
DA:302,24
DA:303,24
DA:304,24
DA:305,24
DA:306,24
DA:307,24
DA:308,24
DA:309,24
DA:310,24
DA:311,24
DA:312,24
DA:313,24
DA:314,24
DA:315,24
DA:316,24
DA:317,24
DA:318,24
DA:319,24
DA:320,24
DA:321,24
DA:322,24
DA:323,24
DA:324,24
DA:325,24
DA:326,24
DA:327,24
DA:328,24
DA:329,24
DA:330,24
DA:332,24
DA:333,24
DA:335,1
DA:336,61
DA:337,61
DA:338,61
DA:340,1
DA:341,2
DA:342,2
DA:343,1
DA:344,1
DA:345,2
DA:347,2
DA:348,2
DA:350,1
DA:351,6
DA:352,6
DA:353,0
DA:354,0
DA:356,6
DA:357,6
DA:358,6
DA:359,6
DA:360,6
DA:362,6
DA:363,6
DA:364,6
DA:365,6
DA:366,6
DA:367,6
DA:368,6
DA:370,6
DA:371,6
DA:373,1
DA:374,31
DA:375,31
DA:376,31
DA:377,31
DA:378,31
DA:379,31
DA:380,31
DA:382,1
DA:383,63
DA:384,63
DA:385,63
DA:386,63
DA:387,63
DA:388,63
DA:389,63
DA:390,63
DA:391,63
DA:392,51
DA:393,51
DA:394,51
DA:395,63
DA:396,63
DA:397,1
DA:399,60
DA:400,60
DA:401,60
DA:402,60
DA:403,60
DA:404,60
DA:405,60
DA:406,60
DA:407,60
DA:408,60
DA:409,60
DA:410,60
DA:412,63
DA:413,63
DA:414,63
DA:415,63
DA:416,63
DA:417,63
DA:418,63
DA:419,63
DA:420,63
DA:421,63
DA:422,63
DA:423,63
DA:424,63
DA:425,63
DA:426,63
DA:427,63
DA:428,63
DA:429,63
DA:430,63
LF:385
LH:374
BRDA:10,0,0,59
BRDA:14,1,0,15
BRDA:17,2,0,0
BRDA:22,3,0,63
BRDA:27,4,0,15
BRDA:28,5,0,0
BRDA:28,6,0,0
BRDA:32,7,0,0
BRDA:41,8,0,4
BRDA:45,9,0,15
BRDA:52,10,0,15
BRDA:106,11,0,1
BRDA:107,12,0,1
BRDA:119,13,0,16
BRDA:186,14,0,17
BRDA:192,15,0,0
BRDA:198,16,0,4
BRDA:219,17,0,49
BRDA:240,18,0,48
BRDA:240,19,0,1
BRDA:243,20,0,12
BRDA:268,21,0,0
BRDA:275,22,0,2
BRDA:288,23,0,6
BRDA:291,24,0,24
BRDA:292,25,0,8
BRDA:293,26,0,8
BRDA:294,27,0,8
BRDA:326,28,0,23
BRDA:326,29,0,1
BRDA:335,30,0,61
BRDA:337,31,0,0
BRDA:340,32,0,2
BRDA:342,33,0,1
BRDA:345,34,0,1
BRDA:347,35,0,2
BRDA:350,36,0,6
BRDA:352,37,0,0
BRDA:357,38,0,0
BRDA:358,39,0,1
BRDA:368,40,0,1
BRDA:368,41,0,5
BRDA:373,42,0,31
BRDA:382,43,0,63
BRDA:391,44,0,51
BRDA:399,45,0,60
BRDA:412,46,0,63
BRF:47
BRH:38
end_of_record
TN:
SF:src/backend/time-off.service.js
FN:5,sleep
FN:9,normalizeDays
FN:17,normalizeDelta
FN:28,assertRequestDates
FN:38,TimeOffService
FN:42,delayForMode
FN:48,listBalances
FN:55,readBalance
FN:69,writeHcmBalance
FN:107,triggerAnniversaryBonus
FN:114,listRequests
FN:118,submitTimeOff
FN:202,decideRequest
FN:236,denyRequest
FN:264,approveRequest
FN:320,reset
FNF:16
FNH:14
FNDA:0,sleep
FNDA:12,normalizeDays
FNDA:1,normalizeDelta
FNDA:12,assertRequestDates
FNDA:15,TimeOffService
FNDA:22,delayForMode
FNDA:1,listBalances
FNDA:1,readBalance
FNDA:2,writeHcmBalance
FNDA:2,triggerAnniversaryBonus
FNDA:0,listRequests
FNDA:12,submitTimeOff
FNDA:7,decideRequest
FNDA:2,denyRequest
FNDA:4,approveRequest
FNDA:1,reset
DA:1,1
DA:3,1
DA:5,0
DA:6,0
DA:7,0
DA:9,12
DA:10,12
DA:11,12
DA:12,0
DA:13,0
DA:14,12
DA:15,12
DA:17,1
DA:18,1
DA:19,0
DA:20,0
DA:21,1
DA:22,1
DA:23,1
DA:24,1
DA:25,0
DA:26,0
DA:28,12
DA:29,12
DA:30,0
DA:31,0
DA:32,12
DA:33,0
DA:34,0
DA:35,12
DA:37,1
DA:38,1
DA:39,15
DA:40,15
DA:42,1
DA:43,22
DA:44,0
DA:45,0
DA:46,22
DA:48,1
DA:49,1
DA:50,1
DA:51,1
DA:52,1
DA:53,1
DA:55,1
DA:56,1
DA:57,1
DA:58,0
DA:59,0
DA:61,1
DA:62,1
DA:63,0
DA:64,0
DA:66,1
DA:67,1
DA:69,1
DA:70,2
DA:71,2
DA:72,2
DA:73,0
DA:74,0
DA:75,2
DA:76,0
DA:77,0
DA:78,0
DA:79,0
DA:80,0
DA:81,2
DA:82,1
DA:83,1
DA:84,1
DA:85,1
DA:86,1
DA:88,1
DA:89,1
DA:90,1
DA:91,0
DA:92,0
DA:93,0
DA:94,0
DA:95,1
DA:97,1
DA:98,0
DA:99,0
DA:100,0
DA:101,0
DA:102,0
DA:104,0
DA:105,2
DA:107,1
DA:108,2
DA:109,2
DA:110,2
DA:111,2
DA:112,2
DA:114,1
DA:115,0
DA:116,0
DA:118,1
DA:119,12
DA:120,12
DA:121,12
DA:123,12
DA:124,12
DA:125,1
DA:126,1
DA:127,12
DA:128,3
DA:129,3
DA:130,3
DA:131,3
DA:132,3
DA:134,12
DA:135,1
DA:136,1
DA:137,1
DA:138,1
DA:139,1
DA:140,1
DA:141,1
DA:142,1
DA:143,1
DA:144,1
DA:145,1
DA:146,1
DA:147,1
DA:148,1
DA:149,1
DA:150,1
DA:151,1
DA:152,1
DA:153,1
DA:154,1
DA:155,1
DA:156,1
DA:157,1
DA:158,1
DA:159,1
DA:160,1
DA:161,1
DA:162,1
DA:163,1
DA:165,7
DA:166,7
DA:167,7
DA:168,0
DA:169,0
DA:170,0
DA:171,0
DA:172,0
DA:174,7
DA:175,7
DA:176,7
DA:177,7
DA:178,7
DA:179,7
DA:180,7
DA:181,7
DA:182,7
DA:183,7
DA:184,7
DA:185,7
DA:186,7
DA:187,7
DA:188,7
DA:189,7
DA:190,7
DA:191,7
DA:193,7
DA:194,7
DA:195,7
DA:196,7
DA:197,7
DA:198,7
DA:199,7
DA:200,12
DA:202,1
DA:203,7
DA:204,7
DA:205,0
DA:206,0
DA:208,7
DA:209,7
DA:210,0
DA:211,0
DA:212,7
DA:213,1
DA:214,1
DA:216,6
DA:217,7
DA:218,0
DA:219,0
DA:220,0
DA:221,0
DA:222,0
DA:223,0
DA:224,0
DA:225,0
DA:226,0
DA:227,0
DA:229,7
DA:230,2
DA:231,2
DA:233,4
DA:234,7
DA:236,1
DA:237,2
DA:238,2
DA:239,2
DA:240,2
DA:241,2
DA:242,2
DA:243,2
DA:244,2
DA:245,2
DA:246,2
DA:247,2
DA:248,2
DA:249,2
DA:250,2
DA:251,2
DA:252,2
DA:253,2
DA:255,2
DA:256,2
DA:257,2
DA:258,2
DA:259,2
DA:260,2
DA:261,2
DA:262,2
DA:264,1
DA:265,4
DA:266,4
DA:267,4
DA:268,4
DA:269,4
DA:270,4
DA:271,4
DA:272,4
DA:273,3
DA:274,4
DA:275,1
DA:276,1
DA:277,1
DA:278,1
DA:279,1
DA:280,1
DA:281,1
DA:282,1
DA:283,1
DA:284,1
DA:285,1
DA:286,1
DA:287,1
DA:288,1
DA:289,1
DA:290,1
DA:292,3
DA:293,3
DA:294,3
DA:295,3
DA:296,3
DA:297,3
DA:298,3
DA:299,3
DA:300,3
DA:301,3
DA:302,4
DA:303,4
DA:305,4
DA:306,4
DA:307,4
DA:308,4
DA:309,4
DA:310,4
DA:311,4
DA:313,4
DA:314,1
DA:315,1
DA:317,3
DA:318,4
DA:320,1
DA:321,1
DA:322,1
DA:323,1
DA:324,1
DA:325,1
DA:326,1
DA:327,1
DA:328,1
DA:329,1
DA:331,1
LF:294
LH:237
BRDA:9,0,0,12
BRDA:11,1,0,0
BRDA:17,2,0,1
BRDA:18,3,0,0
BRDA:24,4,0,0
BRDA:28,5,0,12
BRDA:29,6,0,0
BRDA:32,7,0,0
BRDA:38,8,0,15
BRDA:42,9,0,22
BRDA:43,10,0,0
BRDA:48,11,0,1
BRDA:55,12,0,1
BRDA:57,13,0,0
BRDA:62,14,0,0
BRDA:69,15,0,2
BRDA:72,16,0,0
BRDA:75,17,0,0
BRDA:81,18,0,1
BRDA:97,19,0,0
BRDA:107,20,0,2
BRDA:109,21,0,2
BRDA:118,22,0,12
BRDA:124,23,0,11
BRDA:124,24,0,1
BRDA:126,25,0,11
BRDA:127,26,0,10
BRDA:127,27,0,11
BRDA:127,28,0,3
BRDA:132,29,0,8
BRDA:134,30,0,1
BRDA:163,31,0,7
BRDA:135,32,0,1
BRDA:144,33,0,0
BRDA:165,34,0,7
BRDA:167,35,0,0
BRDA:186,36,0,0
BRDA:202,37,0,7
BRDA:204,38,0,0
BRDA:209,39,0,0
BRDA:212,40,0,1
BRDA:214,41,0,6
BRDA:217,42,0,0
BRDA:227,43,0,6
BRDA:229,44,0,2
BRDA:231,45,0,4
BRDA:236,46,0,2
BRDA:237,47,0,2
BRDA:252,48,0,0
BRDA:264,49,0,4
BRDA:313,50,0,1
BRDA:315,51,0,3
BRDA:265,52,0,4
BRDA:269,53,0,3
BRDA:270,54,0,3
BRDA:271,55,0,3
BRDA:272,56,0,3
BRDA:274,57,0,1
BRDA:286,58,0,0
BRDA:290,59,0,3
BRDA:302,60,0,0
BRDA:320,61,0,1
BRF:62
BRH:42
end_of_record
TN:
SF:src/lib/time-off/reconciliation.js
FN:1,optimisticBalance
FN:9,reconcileAfterSubmit
FN:32,isBalanceStale
FN:35,summarizeBalanceContext
FNF:4
FNH:3
FNDA:3,optimisticBalance
FNDA:2,reconcileAfterSubmit
FNDA:1,isBalanceStale
FNDA:0,summarizeBalanceContext
DA:1,1
DA:2,3
DA:3,3
DA:4,3
DA:5,3
DA:6,3
DA:7,3
DA:8,3
DA:9,1
DA:10,2
DA:11,0
DA:12,0
DA:13,0
DA:14,0
DA:15,0
DA:16,0
DA:17,2
DA:18,2
DA:19,2
DA:20,2
DA:21,1
DA:22,1
DA:23,1
DA:24,1
DA:25,1
DA:26,1
DA:27,1
DA:28,1
DA:29,1
DA:30,1
DA:31,1
DA:32,1
DA:33,1
DA:34,1
DA:35,1
DA:36,0
DA:37,0
DA:38,0
LF:38
LH:29
BRDA:1,0,0,3
BRDA:9,1,0,2
BRDA:10,2,0,0
BRDA:18,3,0,1
BRDA:20,4,0,1
BRDA:32,5,0,1
BRF:6
BRH:5
end_of_record
